181206  1:36:20 [Note] Plugin 'FEDERATED' is disabled.
181206  1:36:21 InnoDB: The InnoDB memory heap is disabled
181206  1:36:21 InnoDB: Mutexes and rw_locks use Windows interlocked functions
181206  1:36:21 InnoDB: Compressed tables use zlib 1.2.3
181206  1:36:21 InnoDB: Initializing buffer pool, size = 128.0M
181206  1:36:21 InnoDB: Completed initialization of buffer pool
181206  1:36:21 InnoDB: highest supported file format is Barracuda.
InnoDB: The log sequence number in ibdata files does not match
InnoDB: the log sequence number in the ib_logfiles!
181206  1:36:22  InnoDB: Database was not shut down normally!
InnoDB: Starting crash recovery.
InnoDB: Reading tablespace information from the .ibd files...
InnoDB: Restoring possible half-written data pages from the doublewrite
InnoDB: buffer...
181206  1:36:28  InnoDB: Waiting for the background threads to start
181206  1:36:29 InnoDB: 1.1.8 started; log sequence number 1607564
181206  1:36:29 [Note] Server hostname (bind-address): '127.0.0.1'; port: 3306
181206  1:36:29 [Note]   - '127.0.0.1' resolves to '127.0.0.1';
181206  1:36:29 [Note] Server socket created on IP: '127.0.0.1'.
181206  1:36:29 [Note] Event Scheduler: Loaded 0 events
181206  1:36:29 [Note] \usr\local\mysql-5.5\bin\mysqld.exe: ready for connections.
Version: '5.5.25'  socket: ''  port: 3306  MySQL Community Server (GPL)
181206  1:58:17 [Note] Plugin 'FEDERATED' is disabled.
181206  1:58:17 InnoDB: The InnoDB memory heap is disabled
181206  1:58:17 InnoDB: Mutexes and rw_locks use Windows interlocked functions
181206  1:58:17 InnoDB: Compressed tables use zlib 1.2.3
181206  1:58:17 InnoDB: Initializing buffer pool, size = 128.0M
181206  1:58:17 InnoDB: Completed initialization of buffer pool
181206  1:58:18 InnoDB: highest supported file format is Barracuda.
InnoDB: The log sequence number in ibdata files does not match
InnoDB: the log sequence number in the ib_logfiles!
181206  1:58:18  InnoDB: Database was not shut down normally!
InnoDB: Starting crash recovery.
InnoDB: Reading tablespace information from the .ibd files...
InnoDB: Restoring possible half-written data pages from the doublewrite
InnoDB: buffer...
181206  1:58:18  InnoDB: Waiting for the background threads to start
181206  1:58:19 InnoDB: 1.1.8 started; log sequence number 1607564
181206  1:58:19 [Note] Server hostname (bind-address): '127.0.0.1'; port: 3306
181206  1:58:19 [Note]   - '127.0.0.1' resolves to '127.0.0.1';
181206  1:58:19 [Note] Server socket created on IP: '127.0.0.1'.
181206  1:58:20 [Note] Event Scheduler: Loaded 0 events
181206  1:58:20 [Note] \usr\local\mysql-5.5\bin\mysqld.exe: ready for connections.
Version: '5.5.25'  socket: ''  port: 3306  MySQL Community Server (GPL)
181206  2:09:38 [Note] Plugin 'FEDERATED' is disabled.
181206  2:09:38 InnoDB: The InnoDB memory heap is disabled
181206  2:09:38 InnoDB: Mutexes and rw_locks use Windows interlocked functions
181206  2:09:38 InnoDB: Compressed tables use zlib 1.2.3
181206  2:09:38 InnoDB: Initializing buffer pool, size = 128.0M
181206  2:09:38 InnoDB: Completed initialization of buffer pool
181206  2:09:38 InnoDB: highest supported file format is Barracuda.
InnoDB: The log sequence number in ibdata files does not match
InnoDB: the log sequence number in the ib_logfiles!
181206  2:09:38  InnoDB: Database was not shut down normally!
InnoDB: Starting crash recovery.
InnoDB: Reading tablespace information from the .ibd files...
InnoDB: Restoring possible half-written data pages from the doublewrite
InnoDB: buffer...
181206  2:09:38  InnoDB: Waiting for the background threads to start
181206  2:09:39 InnoDB: 1.1.8 started; log sequence number 1607564
181206  2:09:39 [Note] Server hostname (bind-address): '127.0.0.1'; port: 3306
181206  2:09:39 [Note]   - '127.0.0.1' resolves to '127.0.0.1';
181206  2:09:39 [Note] Server socket created on IP: '127.0.0.1'.
181206  2:09:39 [Note] Event Scheduler: Loaded 0 events
181206  2:09:39 [Note] \usr\local\mysql-5.5\bin\mysqld.exe: ready for connections.
Version: '5.5.25'  socket: ''  port: 3306  MySQL Community Server (GPL)
181209  8:08:24 [Note] Plugin 'FEDERATED' is disabled.
181209  8:08:25 InnoDB: The InnoDB memory heap is disabled
181209  8:08:25 InnoDB: Mutexes and rw_locks use Windows interlocked functions
181209  8:08:25 InnoDB: Compressed tables use zlib 1.2.3
181209  8:08:25 InnoDB: Initializing buffer pool, size = 128.0M
181209  8:08:25 InnoDB: Completed initialization of buffer pool
181209  8:08:25 InnoDB: highest supported file format is Barracuda.
InnoDB: The log sequence number in ibdata files does not match
InnoDB: the log sequence number in the ib_logfiles!
181209  8:08:25  InnoDB: Database was not shut down normally!
InnoDB: Starting crash recovery.
InnoDB: Reading tablespace information from the .ibd files...
InnoDB: Restoring possible half-written data pages from the doublewrite
InnoDB: buffer...
181209  8:08:27  InnoDB: Waiting for the background threads to start
181209  8:08:28 InnoDB: 1.1.8 started; log sequence number 1607782
181209  8:08:28 [Note] Server hostname (bind-address): '127.0.0.1'; port: 3306
181209  8:08:28 [Note]   - '127.0.0.1' resolves to '127.0.0.1';
181209  8:08:28 [Note] Server socket created on IP: '127.0.0.1'.
181209  8:08:29 [Note] Event Scheduler: Loaded 0 events
181209  8:08:29 [Note] \usr\local\mysql-5.5\bin\mysqld.exe: ready for connections.
Version: '5.5.25'  socket: ''  port: 3306  MySQL Community Server (GPL)
181211  6:54:14 [Note] Plugin 'FEDERATED' is disabled.
181211  6:54:15 InnoDB: The InnoDB memory heap is disabled
181211  6:54:15 InnoDB: Mutexes and rw_locks use Windows interlocked functions
181211  6:54:15 InnoDB: Compressed tables use zlib 1.2.3
181211  6:54:15 InnoDB: Initializing buffer pool, size = 128.0M
181211  6:54:15 InnoDB: Completed initialization of buffer pool
181211  6:54:15 InnoDB: highest supported file format is Barracuda.
InnoDB: The log sequence number in ibdata files does not match
InnoDB: the log sequence number in the ib_logfiles!
181211  6:54:15  InnoDB: Database was not shut down normally!
InnoDB: Starting crash recovery.
InnoDB: Reading tablespace information from the .ibd files...
InnoDB: Restoring possible half-written data pages from the doublewrite
InnoDB: buffer...
181211  6:54:17  InnoDB: Waiting for the background threads to start
181211  6:54:18 InnoDB: 1.1.8 started; log sequence number 1607968
181211  6:54:18 [Note] Server hostname (bind-address): '127.0.0.1'; port: 3306
181211  6:54:18 [Note]   - '127.0.0.1' resolves to '127.0.0.1';
181211  6:54:18 [Note] Server socket created on IP: '127.0.0.1'.
181211  6:54:19 [Note] Event Scheduler: Loaded 0 events
181211  6:54:19 [Note] \usr\local\mysql-5.5\bin\mysqld.exe: ready for connections.
Version: '5.5.25'  socket: ''  port: 3306  MySQL Community Server (GPL)
181212  8:44:33 [Note] Plugin 'FEDERATED' is disabled.
181212  8:44:33 InnoDB: The InnoDB memory heap is disabled
181212  8:44:33 InnoDB: Mutexes and rw_locks use Windows interlocked functions
181212  8:44:33 InnoDB: Compressed tables use zlib 1.2.3
181212  8:44:33 InnoDB: Initializing buffer pool, size = 128.0M
181212  8:44:33 InnoDB: Completed initialization of buffer pool
181212  8:44:33 InnoDB: highest supported file format is Barracuda.
InnoDB: The log sequence number in ibdata files does not match
InnoDB: the log sequence number in the ib_logfiles!
181212  8:44:33  InnoDB: Database was not shut down normally!
InnoDB: Starting crash recovery.
InnoDB: Reading tablespace information from the .ibd files...
InnoDB: Restoring possible half-written data pages from the doublewrite
InnoDB: buffer...
181212  8:44:34  InnoDB: Waiting for the background threads to start
181212  8:44:35 InnoDB: 1.1.8 started; log sequence number 1607968
181212  8:44:35 [Note] Server hostname (bind-address): '127.0.0.1'; port: 3306
181212  8:44:35 [Note]   - '127.0.0.1' resolves to '127.0.0.1';
181212  8:44:35 [Note] Server socket created on IP: '127.0.0.1'.
181212  8:44:36 [Note] Event Scheduler: Loaded 0 events
181212  8:44:36 [Note] \usr\local\mysql-5.5\bin\mysqld.exe: ready for connections.
Version: '5.5.25'  socket: ''  port: 3306  MySQL Community Server (GPL)
181218 15:00:10 [Note] Plugin 'FEDERATED' is disabled.
181218 15:00:10 InnoDB: The InnoDB memory heap is disabled
181218 15:00:10 InnoDB: Mutexes and rw_locks use Windows interlocked functions
181218 15:00:10 InnoDB: Compressed tables use zlib 1.2.3
181218 15:00:10 InnoDB: Initializing buffer pool, size = 128.0M
181218 15:00:10 InnoDB: Completed initialization of buffer pool
181218 15:00:10 InnoDB: highest supported file format is Barracuda.
InnoDB: The log sequence number in ibdata files does not match
InnoDB: the log sequence number in the ib_logfiles!
181218 15:00:10  InnoDB: Database was not shut down normally!
InnoDB: Starting crash recovery.
InnoDB: Reading tablespace information from the .ibd files...
InnoDB: Restoring possible half-written data pages from the doublewrite
InnoDB: buffer...
181218 15:00:12  InnoDB: Waiting for the background threads to start
181218 15:00:13 InnoDB: 1.1.8 started; log sequence number 1607968
181218 15:00:13 [Note] Server hostname (bind-address): '127.0.0.1'; port: 3306
181218 15:00:13 [Note]   - '127.0.0.1' resolves to '127.0.0.1';
181218 15:00:13 [Note] Server socket created on IP: '127.0.0.1'.
181218 15:00:13 [Note] Event Scheduler: Loaded 0 events
181218 15:00:13 [Note] \usr\local\mysql-5.5\bin\mysqld.exe: ready for connections.
Version: '5.5.25'  socket: ''  port: 3306  MySQL Community Server (GPL)
181229  2:04:48 [Note] Plugin 'FEDERATED' is disabled.
181229  2:04:48 InnoDB: The InnoDB memory heap is disabled
181229  2:04:48 InnoDB: Mutexes and rw_locks use Windows interlocked functions
181229  2:04:48 InnoDB: Compressed tables use zlib 1.2.3
181229  2:04:48 InnoDB: Initializing buffer pool, size = 128.0M
181229  2:04:48 InnoDB: Completed initialization of buffer pool
181229  2:04:48 InnoDB: highest supported file format is Barracuda.
InnoDB: The log sequence number in ibdata files does not match
InnoDB: the log sequence number in the ib_logfiles!
181229  2:04:48  InnoDB: Database was not shut down normally!
InnoDB: Starting crash recovery.
InnoDB: Reading tablespace information from the .ibd files...
InnoDB: Restoring possible half-written data pages from the doublewrite
InnoDB: buffer...
181229  2:04:51  InnoDB: Waiting for the background threads to start
181229  2:04:52 InnoDB: 1.1.8 started; log sequence number 1607968
181229  2:04:52 [Note] Server hostname (bind-address): '127.0.0.1'; port: 3306
181229  2:04:52 [Note]   - '127.0.0.1' resolves to '127.0.0.1';
181229  2:04:52 [Note] Server socket created on IP: '127.0.0.1'.
181229  2:04:54 [Note] Event Scheduler: Loaded 0 events
181229  2:04:54 [Note] \usr\local\mysql-5.5\bin\mysqld.exe: ready for connections.
Version: '5.5.25'  socket: ''  port: 3306  MySQL Community Server (GPL)
181231 18:02:07 [Note] Plugin 'FEDERATED' is disabled.
181231 18:02:08 InnoDB: The InnoDB memory heap is disabled
181231 18:02:08 InnoDB: Mutexes and rw_locks use Windows interlocked functions
181231 18:02:08 InnoDB: Compressed tables use zlib 1.2.3
181231 18:02:08 InnoDB: Initializing buffer pool, size = 128.0M
181231 18:02:08 InnoDB: Completed initialization of buffer pool
181231 18:02:08 InnoDB: highest supported file format is Barracuda.
InnoDB: The log sequence number in ibdata files does not match
InnoDB: the log sequence number in the ib_logfiles!
181231 18:02:08  InnoDB: Database was not shut down normally!
InnoDB: Starting crash recovery.
InnoDB: Reading tablespace information from the .ibd files...
InnoDB: Restoring possible half-written data pages from the doublewrite
InnoDB: buffer...
181231 18:02:10  InnoDB: Waiting for the background threads to start
181231 18:02:11 InnoDB: 1.1.8 started; log sequence number 1607968
181231 18:02:11 [Note] Server hostname (bind-address): '127.0.0.1'; port: 3306
181231 18:02:11 [Note]   - '127.0.0.1' resolves to '127.0.0.1';
181231 18:02:11 [Note] Server socket created on IP: '127.0.0.1'.
181231 18:02:12 [Note] Event Scheduler: Loaded 0 events
181231 18:02:12 [Note] \usr\local\mysql-5.5\bin\mysqld.exe: ready for connections.
Version: '5.5.25'  socket: ''  port: 3306  MySQL Community Server (GPL)
181231 18:05:05 [Note] Plugin 'FEDERATED' is disabled.
181231 18:05:05 InnoDB: The InnoDB memory heap is disabled
181231 18:05:05 InnoDB: Mutexes and rw_locks use Windows interlocked functions
181231 18:05:05 InnoDB: Compressed tables use zlib 1.2.3
181231 18:05:05 InnoDB: Initializing buffer pool, size = 128.0M
181231 18:05:05 InnoDB: Completed initialization of buffer pool
181231 18:05:06 InnoDB: highest supported file format is Barracuda.
InnoDB: The log sequence number in ibdata files does not match
InnoDB: the log sequence number in the ib_logfiles!
181231 18:05:06  InnoDB: Database was not shut down normally!
InnoDB: Starting crash recovery.
InnoDB: Reading tablespace information from the .ibd files...
InnoDB: Restoring possible half-written data pages from the doublewrite
InnoDB: buffer...
181231 18:05:06  InnoDB: Waiting for the background threads to start
181231 18:05:07 InnoDB: 1.1.8 started; log sequence number 1607968
181231 18:05:07 [Note] Server hostname (bind-address): '127.0.0.1'; port: 3306
181231 18:05:07 [Note]   - '127.0.0.1' resolves to '127.0.0.1';
181231 18:05:07 [Note] Server socket created on IP: '127.0.0.1'.
181231 18:05:07 [Note] Event Scheduler: Loaded 0 events
181231 18:05:07 [Note] \usr\local\mysql-5.5\bin\mysqld.exe: ready for connections.
Version: '5.5.25'  socket: ''  port: 3306  MySQL Community Server (GPL)
